<?xml version="1.0" encoding="UTF-8"?>
<!-- Generated by org.testng.reporters.JUnitReportReporter -->
<testsuite hostname="Navya-Shree-S-M-B338-MacBook-Pro.local" failures="0" tests="1" name="Test.Practice" time="507.433" errors="0" timestamp="2022-06-06T19:38:32 IST" skipped="0">
  <testcase classname="Test.Practice" name="openCalculator" time="507.433"/>
  <system-out/>
</testsuite> <!-- Test.Practice -->
