<?xml version="1.0" encoding="UTF-8"?>
<!-- Generated by org.testng.reporters.JUnitReportReporter -->
<testsuite hostname="Navya-Shree-S-M-B338-MacBook-Pro.local" failures="0" tests="1" name="Test.Practice" time="39.193" errors="0" timestamp="2022-06-28T17:09:39 IST" skipped="0">
  <testcase classname="Test.Practice" name="openCalculator" time="39.193"/>
  <system-out/>
</testsuite> <!-- Test.Practice -->
